  Building Custom Rule D:/github/Hadl/hadl/furbs/libharu/libharu/src/CMakeLists.txt
  hpdf_annotation.c
  hpdf_array.c
  hpdf_binary.c
  hpdf_boolean.c
  hpdf_catalog.c
  hpdf_destination.c
  hpdf_dict.c
  hpdf_direct.c
  hpdf_doc_png.c
  hpdf_doc.c
  hpdf_encoder_cns.c
  hpdf_encoder_cnt.c
  hpdf_encoder_jp.c
  hpdf_encoder_kr.c
  hpdf_encoder_utf.c
D:\github\Hadl\hadl\furbs\libharu\libharu\src\hpdf_encoder_utf.c(202): warning C4244: '=': conversion from '__int64' to 'HPDF_UINT', possible loss of data
  hpdf_encoder.c
D:\github\Hadl\hadl\furbs\libharu\libharu\src\hpdf_encoder.c(2766): warning C4244: 'initializing': conversion from 'HPDF_UINT16' to 'HPDF_BYTE', possible loss of data
  hpdf_encrypt.c
  hpdf_encryptdict.c
  hpdf_error.c
  hpdf_ext_gstate.c
  Generating Code...
  Compiling...
  hpdf_font_cid.c
  hpdf_font_tt.c
  hpdf_font_type1.c
  hpdf_font.c
  hpdf_fontdef_base14.c
  hpdf_fontdef_cid.c
  hpdf_fontdef_cns.c
  hpdf_fontdef_cnt.c
  hpdf_fontdef_jp.c
  hpdf_fontdef_kr.c
  hpdf_fontdef_tt.c
  hpdf_fontdef_type1.c
D:\github\Hadl\hadl\furbs\libharu\libharu\src\hpdf_fontdef_type1.c(336): warning C4244: '=': conversion from '__int64' to 'HPDF_UINT', possible loss of data
D:\github\Hadl\hadl\furbs\libharu\libharu\src\hpdf_fontdef_type1.c(345): warning C4244: '=': conversion from '__int64' to 'HPDF_UINT', possible loss of data
  hpdf_fontdef.c
  hpdf_gstate.c
D:\github\Hadl\hadl\furbs\libharu\libharu\src\hpdf_gstate.c(73): warning C4244: 'initializing': conversion from 'float' to 'HPDF_UINT', possible loss of data
  hpdf_image_ccitt.c
  hpdf_image_png.c
  hpdf_image.c
  hpdf_info.c
  hpdf_list.c
  hpdf_mmgr.c
  Generating Code...
  Compiling...
  hpdf_name.c
  hpdf_namedict.c
  hpdf_null.c
  hpdf_number.c
  hpdf_objects.c
  hpdf_outline.c
  hpdf_page_label.c
  hpdf_page_operator.c
D:\github\Hadl\hadl\furbs\libharu\libharu\src\hpdf_page_operator.c(24): warning C4244: 'initializing': conversion from 'float' to 'HPDF_UINT', possible loss of data
D:\github\Hadl\hadl\furbs\libharu\libharu\src\hpdf_page_operator.c(198): warning C4244: 'function': conversion from 'HPDF_REAL' to 'HPDF_STATUS', possible loss of data
D:\github\Hadl\hadl\furbs\libharu\libharu\src\hpdf_page_operator.c(202): warning C4244: 'function': conversion from 'HPDF_REAL' to 'HPDF_STATUS', possible loss of data
D:\github\Hadl\hadl\furbs\libharu\libharu\src\hpdf_page_operator.c(1189): warning C4244: 'function': conversion from 'HPDF_REAL' to 'HPDF_STATUS', possible loss of data
  hpdf_pages.c
D:\github\Hadl\hadl\furbs\libharu\libharu\src\hpdf_pages.c(1192): warning C4244: 'initializing': conversion from 'float' to 'HPDF_UINT', possible loss of data
  hpdf_real.c
  hpdf_shading.c
  hpdf_streams.c
D:\github\Hadl\hadl\furbs\libharu\libharu\src\hpdf_streams.c(811): warning C4267: '=': conversion from 'size_t' to 'HPDF_UINT', possible loss of data
D:\github\Hadl\hadl\furbs\libharu\libharu\src\hpdf_streams.c(978): warning C4267: '=': conversion from 'size_t' to 'HPDF_UINT', possible loss of data
  hpdf_string.c
  hpdf_u3d.c
  hpdf_utils.c
D:\github\Hadl\hadl\furbs\libharu\libharu\src\hpdf_utils.c(223): warning C4244: 'function': conversion from 'double' to 'float', possible loss of data
D:\github\Hadl\hadl\furbs\libharu\libharu\src\hpdf_utils.c(236): warning C4244: 'function': conversion from 'double' to 'float', possible loss of data
  hpdf_xref.c
  hpdf_pdfa.c
  hpdf_3dmeasure.c
  hpdf_exdata.c
  Generating Code...
  hpdf.vcxproj -> D:\github\Hadl\hadl\furbs\libharu\libharu\build\src\Release\hpdf.lib
